  bulk_read_write.cpp
d:\microcontroller\embeddedplc\smartservoframework\dynamixelsdk\c++\include\dynamixel_sdk/group_bulk_read.h(51): warning C4251: “dynamixel::GroupBulkRead::id_list_”: class“std::vector<uint8_t,std::allocator<_Ty>>”需要有 dll 接口由 class“dynamixel::GroupBulkRead”的客户端使用
          with
          [
              _Ty=uint8_t
          ]
  d:\microcontroller\embeddedplc\smartservoframework\dynamixelsdk\c++\include\dynamixel_sdk\packet_handler.h(104): note: 参见“std::vector<uint8_t,std::allocator<_Ty>>”的声明
          with
          [
              _Ty=uint8_t
          ]
d:\microcontroller\embeddedplc\smartservoframework\dynamixelsdk\c++\include\dynamixel_sdk/group_bulk_read.h(52): warning C4251: “dynamixel::GroupBulkRead::address_list_”: class“std::map<uint8_t,uint16_t,std::less<_Kty>,std::allocator<std::pair<const _Kty,_Ty>>>”需要有 dll 接口由 class“dynamixel::GroupBulkRead”的客户端使用
          with
          [
              _Kty=uint8_t,
              _Ty=uint16_t
          ]
  d:\microcontroller\embeddedplc\smartservoframework\dynamixelsdk\c++\include\dynamixel_sdk/group_bulk_read.h(52): note: 参见“std::map<uint8_t,uint16_t,std::less<_Kty>,std::allocator<std::pair<const _Kty,_Ty>>>”的声明
          with
          [
              _Kty=uint8_t,
              _Ty=uint16_t
          ]
d:\microcontroller\embeddedplc\smartservoframework\dynamixelsdk\c++\include\dynamixel_sdk/group_bulk_read.h(53): warning C4251: “dynamixel::GroupBulkRead::length_list_”: class“std::map<uint8_t,uint16_t,std::less<_Kty>,std::allocator<std::pair<const _Kty,_Ty>>>”需要有 dll 接口由 class“dynamixel::GroupBulkRead”的客户端使用
          with
          [
              _Kty=uint8_t,
              _Ty=uint16_t
          ]
  d:\microcontroller\embeddedplc\smartservoframework\dynamixelsdk\c++\include\dynamixel_sdk/group_bulk_read.h(52): note: 参见“std::map<uint8_t,uint16_t,std::less<_Kty>,std::allocator<std::pair<const _Kty,_Ty>>>”的声明
          with
          [
              _Kty=uint8_t,
              _Ty=uint16_t
          ]
d:\microcontroller\embeddedplc\smartservoframework\dynamixelsdk\c++\include\dynamixel_sdk/group_bulk_read.h(54): warning C4251: “dynamixel::GroupBulkRead::data_list_”: class“std::map<uint8_t,uint8_t *,std::less<_Kty>,std::allocator<std::pair<const _Kty,_Ty>>>”需要有 dll 接口由 class“dynamixel::GroupBulkRead”的客户端使用
          with
          [
              _Kty=uint8_t,
              _Ty=uint8_t *
          ]
  d:\microcontroller\embeddedplc\smartservoframework\dynamixelsdk\c++\include\dynamixel_sdk/group_bulk_read.h(54): note: 参见“std::map<uint8_t,uint8_t *,std::less<_Kty>,std::allocator<std::pair<const _Kty,_Ty>>>”的声明
          with
          [
              _Kty=uint8_t,
              _Ty=uint8_t *
          ]
d:\microcontroller\embeddedplc\smartservoframework\dynamixelsdk\c++\include\dynamixel_sdk/group_bulk_write.h(51): warning C4251: “dynamixel::GroupBulkWrite::id_list_”: class“std::vector<uint8_t,std::allocator<_Ty>>”需要有 dll 接口由 class“dynamixel::GroupBulkWrite”的客户端使用
          with
          [
              _Ty=uint8_t
          ]
  d:\microcontroller\embeddedplc\smartservoframework\dynamixelsdk\c++\include\dynamixel_sdk\packet_handler.h(104): note: 参见“std::vector<uint8_t,std::allocator<_Ty>>”的声明
          with
          [
              _Ty=uint8_t
          ]
d:\microcontroller\embeddedplc\smartservoframework\dynamixelsdk\c++\include\dynamixel_sdk/group_bulk_write.h(52): warning C4251: “dynamixel::GroupBulkWrite::address_list_”: class“std::map<uint8_t,uint16_t,std::less<_Kty>,std::allocator<std::pair<const _Kty,_Ty>>>”需要有 dll 接口由 class“dynamixel::GroupBulkWrite”的客户端使用
          with
          [
              _Kty=uint8_t,
              _Ty=uint16_t
          ]
  d:\microcontroller\embeddedplc\smartservoframework\dynamixelsdk\c++\include\dynamixel_sdk/group_bulk_read.h(52): note: 参见“std::map<uint8_t,uint16_t,std::less<_Kty>,std::allocator<std::pair<const _Kty,_Ty>>>”的声明
          with
          [
              _Kty=uint8_t,
              _Ty=uint16_t
          ]
d:\microcontroller\embeddedplc\smartservoframework\dynamixelsdk\c++\include\dynamixel_sdk/group_bulk_write.h(53): warning C4251: “dynamixel::GroupBulkWrite::length_list_”: class“std::map<uint8_t,uint16_t,std::less<_Kty>,std::allocator<std::pair<const _Kty,_Ty>>>”需要有 dll 接口由 class“dynamixel::GroupBulkWrite”的客户端使用
          with
          [
              _Kty=uint8_t,
              _Ty=uint16_t
          ]
  d:\microcontroller\embeddedplc\smartservoframework\dynamixelsdk\c++\include\dynamixel_sdk/group_bulk_read.h(52): note: 参见“std::map<uint8_t,uint16_t,std::less<_Kty>,std::allocator<std::pair<const _Kty,_Ty>>>”的声明
          with
          [
              _Kty=uint8_t,
              _Ty=uint16_t
          ]
d:\microcontroller\embeddedplc\smartservoframework\dynamixelsdk\c++\include\dynamixel_sdk/group_bulk_write.h(54): warning C4251: “dynamixel::GroupBulkWrite::data_list_”: class“std::map<uint8_t,uint8_t *,std::less<_Kty>,std::allocator<std::pair<const _Kty,_Ty>>>”需要有 dll 接口由 class“dynamixel::GroupBulkWrite”的客户端使用
          with
          [
              _Kty=uint8_t,
              _Ty=uint8_t *
          ]
  d:\microcontroller\embeddedplc\smartservoframework\dynamixelsdk\c++\include\dynamixel_sdk/group_bulk_read.h(54): note: 参见“std::map<uint8_t,uint8_t *,std::less<_Kty>,std::allocator<std::pair<const _Kty,_Ty>>>”的声明
          with
          [
              _Kty=uint8_t,
              _Ty=uint8_t *
          ]
d:\microcontroller\embeddedplc\smartservoframework\dynamixelsdk\c++\include\dynamixel_sdk/group_sync_read.h(51): warning C4251: “dynamixel::GroupSyncRead::id_list_”: class“std::vector<uint8_t,std::allocator<_Ty>>”需要有 dll 接口由 class“dynamixel::GroupSyncRead”的客户端使用
          with
          [
              _Ty=uint8_t
          ]
  d:\microcontroller\embeddedplc\smartservoframework\dynamixelsdk\c++\include\dynamixel_sdk\packet_handler.h(104): note: 参见“std::vector<uint8_t,std::allocator<_Ty>>”的声明
          with
          [
              _Ty=uint8_t
          ]
d:\microcontroller\embeddedplc\smartservoframework\dynamixelsdk\c++\include\dynamixel_sdk/group_sync_read.h(52): warning C4251: “dynamixel::GroupSyncRead::data_list_”: class“std::map<uint8_t,uint8_t *,std::less<_Kty>,std::allocator<std::pair<const _Kty,_Ty>>>”需要有 dll 接口由 class“dynamixel::GroupSyncRead”的客户端使用
          with
          [
              _Kty=uint8_t,
              _Ty=uint8_t *
          ]
  d:\microcontroller\embeddedplc\smartservoframework\dynamixelsdk\c++\include\dynamixel_sdk/group_bulk_read.h(54): note: 参见“std::map<uint8_t,uint8_t *,std::less<_Kty>,std::allocator<std::pair<const _Kty,_Ty>>>”的声明
          with
          [
              _Kty=uint8_t,
              _Ty=uint8_t *
          ]
d:\microcontroller\embeddedplc\smartservoframework\dynamixelsdk\c++\include\dynamixel_sdk/group_sync_write.h(51): warning C4251: “dynamixel::GroupSyncWrite::id_list_”: class“std::vector<uint8_t,std::allocator<_Ty>>”需要有 dll 接口由 class“dynamixel::GroupSyncWrite”的客户端使用
          with
          [
              _Ty=uint8_t
          ]
  d:\microcontroller\embeddedplc\smartservoframework\dynamixelsdk\c++\include\dynamixel_sdk\packet_handler.h(104): note: 参见“std::vector<uint8_t,std::allocator<_Ty>>”的声明
          with
          [
              _Ty=uint8_t
          ]
d:\microcontroller\embeddedplc\smartservoframework\dynamixelsdk\c++\include\dynamixel_sdk/group_sync_write.h(52): warning C4251: “dynamixel::GroupSyncWrite::data_list_”: class“std::map<uint8_t,uint8_t *,std::less<_Kty>,std::allocator<std::pair<const _Kty,_Ty>>>”需要有 dll 接口由 class“dynamixel::GroupSyncWrite”的客户端使用
          with
          [
              _Kty=uint8_t,
              _Ty=uint8_t *
          ]
  d:\microcontroller\embeddedplc\smartservoframework\dynamixelsdk\c++\include\dynamixel_sdk/group_bulk_read.h(54): note: 参见“std::map<uint8_t,uint8_t *,std::less<_Kty>,std::allocator<std::pair<const _Kty,_Ty>>>”的声明
          with
          [
              _Kty=uint8_t,
              _Ty=uint8_t *
          ]
..\..\bulk_read_write.cpp(89): warning C4273: “getch”: dll 链接不一致
  C:\Program Files (x86)\Windows Kits\10\Include\10.0.10240.0\ucrt\conio.h(452): note: 参见“getch”的前一个定义
..\..\bulk_read_write.cpp(105): warning C4273: “kbhit”: dll 链接不一致
  C:\Program Files (x86)\Windows Kits\10\Include\10.0.10240.0\ucrt\conio.h(458): note: 参见“kbhit”的前一个定义
..\..\bulk_read_write.cpp(172): warning C4996: 'getch': The POSIX name for this item is deprecated. Instead, use the ISO C and C++ conformant name: _getch. See online help for details.
  ..\..\bulk_read_write.cpp(89): note: 参见“getch”的声明
..\..\bulk_read_write.cpp(182): warning C4996: 'getch': The POSIX name for this item is deprecated. Instead, use the ISO C and C++ conformant name: _getch. See online help for details.
  ..\..\bulk_read_write.cpp(89): note: 参见“getch”的声明
..\..\bulk_read_write.cpp(218): warning C4996: 'getch': The POSIX name for this item is deprecated. Instead, use the ISO C and C++ conformant name: _getch. See online help for details.
  ..\..\bulk_read_write.cpp(89): note: 参见“getch”的声明
..\..\bulk_read_write.cpp(317): warning C4102: “ExitMain”: 未引用的标签
    正在创建库 D:\microController\embeddedplc\SmartServoFramework\DynamixelSDK\c++\example\protocol2.0\bulk_read_write\win64\Release\bulk_read_write.lib 和对象 D:\microController\embeddedplc\SmartServoFramework\DynamixelSDK\c++\example\protocol2.0\bulk_read_write\win64\Release\bulk_read_write.exp
  正在生成代码
  1 of 8 functions (12.5%) were compiled, the rest were copied from previous compilation.
    0 functions were new in current compilation
    0 functions had inline decision re-evaluated but remain unchanged
  已完成代码的生成
  bulk_read_write.vcxproj -> D:\microController\embeddedplc\SmartServoFramework\DynamixelSDK\c++\example\protocol2.0\bulk_read_write\win64\Release\bulk_read_write.exe
  bulk_read_write.vcxproj -> D:\microController\embeddedplc\SmartServoFramework\DynamixelSDK\c++\example\protocol2.0\bulk_read_write\win64\Release\bulk_read_write.pdb (Full PDB)
